0 info it worked if it ends with ok
1 verbose cli [ 'C:\\Program Files\\nodejs\\\\node.exe',
1 verbose cli   'C:\\Program Files\\nodejs\\node_modules\\npm\\bin\\npm-cli.js',
1 verbose cli   'install',
1 verbose cli   '-g',
1 verbose cli   'node-dronestream' ]
2 info using npm@1.2.0
3 info using node@v0.8.17
4 verbose node symlink C:\Program Files\nodejs\\node.exe
5 verbose read json C:\Users\rtalaman\AppData\Roaming\npm\package.json
6 verbose read json C:\Users\rtalaman\AppData\Roaming\npm\package.json
7 verbose cache add [ 'node-dronestream', null ]
8 silly cache add name=undefined spec="node-dronestream" args=["node-dronestream",null]
9 verbose parsed url { pathname: 'node-dronestream',
9 verbose parsed url   path: 'node-dronestream',
9 verbose parsed url   href: 'node-dronestream' }
10 silly lockFile fce99a47-node-dronestream node-dronestream
11 verbose lock node-dronestream C:\Users\rtalaman\AppData\Roaming\npm-cache\fce99a47-node-dronestream.lock
12 silly lockFile fce99a47-node-dronestream node-dronestream
13 verbose addNamed [ 'node-dronestream', '' ]
14 verbose addNamed [ null, '' ]
15 silly lockFile ebb7811f-node-dronestream node-dronestream@
16 verbose lock node-dronestream@ C:\Users\rtalaman\AppData\Roaming\npm-cache\ebb7811f-node-dronestream.lock
17 silly addNameRange { name: 'node-dronestream', range: '', hasData: false }
18 verbose url raw node-dronestream
19 verbose url resolving [ 'https://registry.npmjs.org/', './node-dronestream' ]
20 verbose url resolved https://registry.npmjs.org/node-dronestream
21 info trying registry request attempt 1 at 10:03:49
22 http GET https://registry.npmjs.org/node-dronestream
23 http 404 https://registry.npmjs.org/node-dronestream
24 silly registry.get cb [ 404,
24 silly registry.get   { server: 'CouchDB/1.3.1 (Erlang OTP/R15B03)',
24 silly registry.get     date: 'Thu, 03 Oct 2013 17:03:50 GMT',
24 silly registry.get     'content-type': 'application/json',
24 silly registry.get     'content-length': '52',
24 silly registry.get     'cache-control': 'must-revalidate' } ]
25 silly lockFile ebb7811f-node-dronestream node-dronestream@
26 error 404 'node-dronestream' is not in the npm registry.
26 error 404 You should bug the author to publish it
26 error 404
26 error 404 Maybe try 'npm search dronestream'
26 error 404
26 error 404 Note that you can also install from a
26 error 404 tarball, folder, or http url, or git url.
27 error System Windows_NT 6.1.7601
28 error command "C:\\Program Files\\nodejs\\\\node.exe" "C:\\Program Files\\nodejs\\node_modules\\npm\\bin\\npm-cli.js" "install" "-g" "node-dronestream"
29 error cwd C:\Users\rtalaman\AppData\Roaming\npm\node_modules\mindflex_nodecopter\example\Brain_Drone_Control_and_Video_Feed
30 error node -v v0.8.17
31 error npm -v 1.2.0
32 error code E404
33 verbose exit [ 1, true ]
